<?xml version="1.0" encoding="UTF-8"?>
<testsuite xmlns:xsi="http://www.w3.org/2001/XMLSchema-instance" xsi:noNamespaceSchemaLocation="https://maven.apache.org/surefire/maven-surefire-plugin/xsd/surefire-test-report-3.0.xsd" version="3.0" name="com.luv2code.springboot.thymeleafdemo.ThymeleafdemoApplicationTests" time="6.497" tests="1" errors="0" skipped="0" failures="0">
  <properties>
[...]
</properties>
  <testcase name="contextLoads" classname="com.luv2code.springboot.thymeleafdemo.ThymeleafdemoApplicationTests" time="0.661">
    <system-out><![CDATA[Standard Commons Logging discovery in action with spring-jcl: please remove commons-logging.jar from classpath in order to avoid potential conflicts
18:41:57.234 [main] INFO org.springframework.test.context.support.AnnotationConfigContextLoaderUtils -- Could not detect default configuration classes for test class [com.luv2code.springboot.thymeleafdemo.ThymeleafdemoApplicationTests]: ThymeleafdemoApplicationTests does not declare any static, non-private, non-final, nested classes annotated with @Configuration.
18:41:57.357 [main] INFO org.springframework.boot.test.context.SpringBootTestContextBootstrapper -- Found @SpringBootConfiguration com.luv2code.springboot.thymeleafdemo.ThymeleafdemoApplication for test class com.luv2code.springboot.thymeleafdemo.ThymeleafdemoApplicationTests
18:41:57.550 [main] INFO org.springframework.boot.devtools.restart.RestartApplicationListener -- Restart disabled due to context in which it is running

  .   ____          _            __ _ _
 /\\ / ___'_ __ _ _(_)_ __  __ _ \ \ \ \
( ( )\___ | '_ | '_| | '_ \/ _` | \ \ \ \
 \\/  ___)| |_)| | | | | || (_| |  ) ) ) )
  '  |____| .__|_| |_|_| |_\__, | / / / /
 =========|_|==============|___/=/_/_/_/
 :: Spring Boot ::                (v3.2.0)

2024-03-23T18:41:57.846+03:00  INFO 45752 --- [           main] c.l.s.t.ThymeleafdemoApplicationTests    : Starting ThymeleafdemoApplicationTests using Java 21.0.2 with PID 45752 (started by mayta in C:\dev-spring-boot\dev-aws-spring-boot\spring-boot-3-spring-mvc-crud)
2024-03-23T18:41:57.847+03:00  INFO 45752 --- [           main] c.l.s.t.ThymeleafdemoApplicationTests    : No active profile set, falling back to 1 default profile: "default"
2024-03-23T18:41:58.727+03:00  INFO 45752 --- [           main] .s.d.r.c.RepositoryConfigurationDelegate : Bootstrapping Spring Data JPA repositories in DEFAULT mode.
2024-03-23T18:41:58.799+03:00  INFO 45752 --- [           main] .s.d.r.c.RepositoryConfigurationDelegate : Finished Spring Data repository scanning in 62 ms. Found 1 JPA repository interface.
2024-03-23T18:41:59.348+03:00  INFO 45752 --- [           main] com.zaxxer.hikari.HikariDataSource       : HikariPool-1 - Starting...
2024-03-23T18:41:59.818+03:00  INFO 45752 --- [           main] com.zaxxer.hikari.pool.HikariPool        : HikariPool-1 - Added connection com.mysql.cj.jdbc.ConnectionImpl@3c81cd82
2024-03-23T18:41:59.820+03:00  INFO 45752 --- [           main] com.zaxxer.hikari.HikariDataSource       : HikariPool-1 - Start completed.
2024-03-23T18:41:59.873+03:00  INFO 45752 --- [           main] o.hibernate.jpa.internal.util.LogHelper  : HHH000204: Processing PersistenceUnitInfo [name: default]
2024-03-23T18:41:59.948+03:00  INFO 45752 --- [           main] org.hibernate.Version                    : HHH000412: Hibernate ORM core version 6.3.1.Final
2024-03-23T18:42:00.003+03:00  INFO 45752 --- [           main] o.h.c.internal.RegionFactoryInitiator    : HHH000026: Second-level cache disabled
2024-03-23T18:42:00.383+03:00  INFO 45752 --- [           main] o.s.o.j.p.SpringPersistenceUnitInfo      : No LoadTimeWeaver setup: ignoring JPA class transformer
2024-03-23T18:42:01.437+03:00  INFO 45752 --- [           main] o.h.e.t.j.p.i.JtaPlatformInitiator       : HHH000489: No JTA platform available (set 'hibernate.transaction.jta.platform' to enable JTA platform integration)
2024-03-23T18:42:01.441+03:00  INFO 45752 --- [           main] j.LocalContainerEntityManagerFactoryBean : Initialized JPA EntityManagerFactory for persistence unit 'default'
2024-03-23T18:42:02.165+03:00  WARN 45752 --- [           main] JpaBaseConfiguration$JpaWebConfiguration : spring.jpa.open-in-view is enabled by default. Therefore, database queries may be performed during view rendering. Explicitly configure spring.jpa.open-in-view to disable this warning
2024-03-23T18:42:02.188+03:00  INFO 45752 --- [           main] o.s.b.a.w.s.WelcomePageHandlerMapping    : Adding welcome page: class path resource [static/index.html]
2024-03-23T18:42:02.819+03:00  INFO 45752 --- [           main] c.l.s.t.ThymeleafdemoApplicationTests    : Started ThymeleafdemoApplicationTests in 5.288 seconds (process running for 6.407)
]]></system-out>
    <system-err><![CDATA[WARNING: A Java agent has been loaded dynamically (C:\Users\mayta\.m2\repository\net\bytebuddy\byte-buddy-agent\1.14.10\byte-buddy-agent-1.14.10.jar)
WARNING: If a serviceability tool is in use, please run with -XX:+EnableDynamicAgentLoading to hide this warning
WARNING: If a serviceability tool is not in use, please run with -Djdk.instrument.traceUsage for more information
WARNING: Dynamic loading of agents will be disallowed by default in a future release
]]></system-err>
  </testcase>
</testsuite>